<?xml version="1.0" encoding="UTF-8"?>
<testsuite xmlns:xsi="http://www.w3.org/2001/XMLSchema-instance" xsi:noNamespaceSchemaLocation="https://maven.apache.org/surefire/maven-surefire-plugin/xsd/surefire-test-report-3.0.xsd" version="3.0" name="com.pos.service.VentaServiceImplTest" time="1.91" tests="17" errors="0" skipped="0" failures="0">
  <properties>
[...]
</properties>
  <testcase name="cancelarVenta_cambiaEstadoSinTocarStock" classname="com.pos.service.VentaServiceImplTest" time="1.692">
    <system-err><![CDATA[SLF4J: Failed to load class "org.slf4j.impl.StaticLoggerBinder".
SLF4J: Defaulting to no-operation (NOP) logger implementation
SLF4J: See http://www.slf4j.org/codes.html#StaticLoggerBinder for further details.
]]></system-err>
  </testcase>
  <testcase name="completarVenta_efectivo_calculaCambioCorrectamente" classname="com.pos.service.VentaServiceImplTest" time="0.014"/>
  <testcase name="agregarLinea_productoNoExiste_lanzaExcepcion" classname="com.pos.service.VentaServiceImplTest" time="0.014"/>
  <testcase name="completarVenta_pagoInsuficiente_lanzaExcepcion" classname="com.pos.service.VentaServiceImplTest" time="0.019"/>
  <testcase name="cancelarVenta_ventaNoEnCurso_lanzaExcepcion" classname="com.pos.service.VentaServiceImplTest" time="0.009"/>
  <testcase name="recalcularTotal_sumaCorrectaDeSubtotales" classname="com.pos.service.VentaServiceImplTest" time="0.011"/>
  <testcase name="completarVenta_ventaVacia_lanzaExcepcion" classname="com.pos.service.VentaServiceImplTest" time="0.005"/>
  <testcase name="agregarLinea_stockInsuficiente_lanzaExcepcion" classname="com.pos.service.VentaServiceImplTest" time="0.012"/>
  <testcase name="completarVenta_tarjeta_cambioEsNull" classname="com.pos.service.VentaServiceImplTest" time="0.008"/>
  <testcase name="eliminarLinea_recalculaTotal" classname="com.pos.service.VentaServiceImplTest" time="0.008"/>
  <testcase name="modificarCantidadLinea_stockInsuficiente_lanzaExcepcion" classname="com.pos.service.VentaServiceImplTest" time="0.006"/>
  <testcase name="iniciarVenta_cajeroNoExiste_lanzaExcepcion" classname="com.pos.service.VentaServiceImplTest" time="0.006"/>
  <testcase name="iniciarVenta_creaVentaEnCurso" classname="com.pos.service.VentaServiceImplTest" time="0.007"/>
  <testcase name="modificarCantidadLinea_actualizaSubtotalYTotal" classname="com.pos.service.VentaServiceImplTest" time="0.006"/>
  <testcase name="completarVenta_reduceStockYCambiaEstado" classname="com.pos.service.VentaServiceImplTest" time="0.009"/>
  <testcase name="agregarLinea_calculaSubtotalYTotal" classname="com.pos.service.VentaServiceImplTest" time="0.007"/>
  <testcase name="agregarLinea_ventaNoEnCurso_lanzaExcepcion" classname="com.pos.service.VentaServiceImplTest" time="0.004"/>
</testsuite>